[    0.000000] Initializing cgroup subsys cpuset
[    0.000000] Initializing cgroup subsys cpu
[    0.000000] Initializing cgroup subsys cpuacct
[    0.000000] Linux version 4.4.0-70-generic (buildd@lgw01-13) (gcc version 5.4.0 20160609 (Ubuntu 5.4.0-6ubuntu1~16.04.4) ) #91-Ubuntu SMP Wed Mar 22 12:47:43 UTC 2017 (Ubuntu 4.4.0-70.91-generic 4.4.49)
[    0.000000] Command line: BOOT_IMAGE=/boot/vmlinuz-4.4.0-70-generic root=LABEL=cloudimg-rootfs ro console=tty1 console=ttyS0
[    0.000000] KERNEL supported cpus:
[    0.000000]   Intel GenuineIntel
[    0.000000]   AMD AuthenticAMD
[    0.000000]   Centaur CentaurHauls
[    0.000000] x86/fpu: xstate_offset[2]:  576, xstate_sizes[2]:  256
[    0.000000] x86/fpu: Supporting XSAVE feature 0x01: 'x87 floating point registers'
[    0.000000] x86/fpu: Supporting XSAVE feature 0x02: 'SSE registers'
[    0.000000] x86/fpu: Supporting XSAVE feature 0x04: 'AVX registers'
[    0.000000] x86/fpu: Enabled xstate features 0x7, context size is 832 bytes, using 'standard' format.
[    0.000000] x86/fpu: Using 'lazy' FPU context switches.
[    0.000000] e820: BIOS-provided physical RAM map:
[    0.000000] BIOS-e820: [mem 0x0000000000000000-0x000000000009fbff] usable
[    0.000000] BIOS-e820: [mem 0x000000000009fc00-0x000000000009ffff] reserved
[    0.000000] BIOS-e820: [mem 0x00000000000f0000-0x00000000000fffff] reserved
[    0.000000] BIOS-e820: [mem 0x0000000000100000-0x000000007ffeffff] usable
[    0.000000] BIOS-e820: [mem 0x000000007fff0000-0x000000007fffffff] ACPI data
[    0.000000] BIOS-e820: [mem 0x00000000fec00000-0x00000000fec00fff] reserved
[    0.000000] BIOS-e820: [mem 0x00000000fee00000-0x00000000fee00fff] reserved
[    0.000000] BIOS-e820: [mem 0x00000000fffc0000-0x00000000ffffffff] reserved
[    0.000000] NX (Execute Disable) protection: active
[    0.000000] SMBIOS 2.5 present.
[    0.000000] Hypervisor detected: KVM
[    0.000000] e820: last_pfn = 0x7fff0 max_arch_pfn = 0x400000000
[    0.000000] MTRR: Disabled
[    0.000000] x86/PAT: MTRRs disabled, skipping PAT initialization too.
[    0.000000] x86/PAT: Configuration [0-7]: WB  WT  UC- UC  WB  WT  UC- UC  
[    0.000000] CPU MTRRs all blank - virtualized system.
[    0.000000] found SMP MP-table at [mem 0x0009fff0-0x0009ffff] mapped at [ffff88000009fff0]
[    0.000000] Scanning 1 areas for low memory corruption
[    0.000000] RAMDISK: [mem 0x36b0a000-0x3757cfff]
[    0.000000] ACPI: Early table checksum verification disabled
[    0.000000] ACPI: RSDP 0x00000000000E0000 000024 (v02 VBOX  )
[    0.000000] ACPI: XSDT 0x000000007FFF0030 00003C (v01 VBOX   VBOXXSDT 00000001 ASL  00000061)
[    0.000000] ACPI: FACP 0x000000007FFF00F0 0000F4 (v04 VBOX   VBOXFACP 00000001 ASL  00000061)
[    0.000000] ACPI: DSDT 0x000000007FFF0470 00210F (v01 VBOX   VBOXBIOS 00000002 INTL 20100528)
[    0.000000] ACPI: FACS 0x000000007FFF0200 000040
[    0.000000] ACPI: FACS 0x000000007FFF0200 000040
[    0.000000] ACPI: APIC 0x000000007FFF0240 00005C (v02 VBOX   VBOXAPIC 00000001 ASL  00000061)
[    0.000000] ACPI: SSDT 0x000000007FFF02A0 0001CC (v01 VBOX   VBOXCPUT 00000002 INTL 20100528)
[    0.000000] No NUMA configuration found
[    0.000000] Faking a node at [mem 0x0000000000000000-0x000000007ffeffff]
[    0.000000] NODE_DATA(0) allocated [mem 0x7ffeb000-0x7ffeffff]
[    0.000000] kvm-clock: Using msrs 4b564d01 and 4b564d00
[    0.000000] kvm-clock: cpu 0, msr 0:7ffe3001, primary cpu clock
[    0.000000] kvm-clock: using sched offset of 2991650620 cycles
[    0.000000] clocksource: kvm-clock: mask: 0xffffffffffffffff max_cycles: 0x1cd42e4dffb, max_idle_ns: 881590591483 ns
[    0.000000] Zone ranges:
[    0.000000]   DMA      [mem 0x0000000000001000-0x0000000000ffffff]
[    0.000000]   DMA32    [mem 0x0000000001000000-0x000000007ffeffff]
[    0.000000]   Normal   empty
[    0.000000]   Device   empty
[    0.000000] Movable zone start for each node
[    0.000000] Early memory node ranges
[    0.000000]   node   0: [mem 0x0000000000001000-0x000000000009efff]
[    0.000000]   node   0: [mem 0x0000000000100000-0x000000007ffeffff]
[    0.000000] Initmem setup node 0 [mem 0x0000000000001000-0x000000007ffeffff]
[    0.000000] ACPI: PM-Timer IO Port: 0x4008
[    0.000000] IOAPIC[0]: apic_id 2, version 32, address 0xfec00000, GSI 0-23
[    0.000000] ACPI: INT_SRC_OVR (bus 0 bus_irq 0 global_irq 2 dfl dfl)
[    0.000000] ACPI: INT_SRC_OVR (bus 0 bus_irq 9 global_irq 9 high level)
[    0.000000] Using ACPI (MADT) for SMP configuration information
[    0.000000] smpboot: Allowing 2 CPUs, 0 hotplug CPUs
[    0.000000] PM: Registered nosave memory: [mem 0x00000000-0x00000fff]
[    0.000000] PM: Registered nosave memory: [mem 0x0009f000-0x0009ffff]
[    0.000000] PM: Registered nosave memory: [mem 0x000a0000-0x000effff]
[    0.000000] PM: Registered nosave memory: [mem 0x000f0000-0x000fffff]
[    0.000000] e820: [mem 0x80000000-0xfebfffff] available for PCI devices
[    0.000000] Booting paravirtualized kernel on KVM
[    0.000000] clocksource: refined-jiffies: mask: 0xffffffff max_cycles: 0xffffffff, max_idle_ns: 7645519600211568 ns
[    0.000000] setup_percpu: NR_CPUS:512 nr_cpumask_bits:512 nr_cpu_ids:2 nr_node_ids:1
[    0.000000] PERCPU: Embedded 33 pages/cpu @ffff88007fc00000 s98264 r8192 d28712 u1048576
[    0.000000] PV qspinlock hash table entries: 256 (order: 0, 4096 bytes)
[    0.000000] Built 1 zonelists in Node order, mobility grouping on.  Total pages: 515961
[    0.000000] Policy zone: DMA32
[    0.000000] Kernel command line: BOOT_IMAGE=/boot/vmlinuz-4.4.0-70-generic root=LABEL=cloudimg-rootfs ro console=tty1 console=ttyS0
[    0.000000] PID hash table entries: 4096 (order: 3, 32768 bytes)
[    0.000000] Memory: 2034072K/2096696K available (8452K kernel code, 1293K rwdata, 3976K rodata, 1484K init, 1316K bss, 62624K reserved, 0K cma-reserved)
[    0.000000] SLUB: HWalign=64, Order=0-3, MinObjects=0, CPUs=2, Nodes=1
[    0.000000] Hierarchical RCU implementation.
[    0.000000] 	Build-time adjustment of leaf fanout to 64.
[    0.000000] 	RCU restricting CPUs from NR_CPUS=512 to nr_cpu_ids=2.
[    0.000000] RCU: Adjusting geometry for rcu_fanout_leaf=64, nr_cpu_ids=2
[    0.000000] NR_IRQS:33024 nr_irqs:440 16
[    0.000000] Console: colour VGA+ 80x25
[    0.000000] console [tty1] enabled
[    0.000000] console [ttyS0] enabled
[    0.000000] tsc: Detected 2700.000 MHz processor
[    4.778620] Calibrating delay loop (skipped) preset value.. 5400.00 BogoMIPS (lpj=10800000)
[    4.847625] pid_max: default: 32768 minimum: 301
[    4.909555] ACPI: Core revision 20150930
[    4.960827] ACPI: 2 ACPI AML tables successfully acquired and loaded
[    5.027763] Security Framework initialized
[    5.093128] Yama: becoming mindful.
[    5.139686] AppArmor: AppArmor initialized
[    5.193040] Dentry cache hash table entries: 262144 (order: 9, 2097152 bytes)
[    5.291454] Inode-cache hash table entries: 131072 (order: 8, 1048576 bytes)
[    5.375557] Mount-cache hash table entries: 4096 (order: 3, 32768 bytes)
[    5.469667] Mountpoint-cache hash table entries: 4096 (order: 3, 32768 bytes)
[    5.496908] Initializing cgroup subsys io
[    5.551735] Initializing cgroup subsys memory
[    5.607390] Initializing cgroup subsys devices
[    5.664110] Initializing cgroup subsys freezer
[    5.722610] Initializing cgroup subsys net_cls
[    5.774232] Initializing cgroup subsys perf_event
[    5.841616] Initializing cgroup subsys net_prio
[    5.872609] Initializing cgroup subsys hugetlb
[    5.903087] Initializing cgroup subsys pids
[    5.905829] CPU: Physical Processor ID: 0
[    5.918433] CPU: Processor Core ID: 0
[    5.935056] mce: CPU supports 0 MCE banks
[    5.941434] Last level iTLB entries: 4KB 64, 2MB 8, 4MB 8
[    5.942589] Last level dTLB entries: 4KB 64, 2MB 0, 4MB 0, 1GB 4
[    5.945604] Freeing SMP alternatives memory: 32K (ffffffff820b8000 - ffffffff820c0000)
[    5.956125] ftrace: allocating 32111 entries in 126 pages
[    6.041949] smpboot: APIC(0) Converting physical 0 to logical package 0
[    6.070233] smpboot: Max logical packages: 1
[    6.071574] x2apic enabled
[    6.076364] Switched APIC routing to physical x2apic.
[    6.084289] ..TIMER: vector=0x30 apic1=0 pin1=2 apic2=-1 pin2=-1
[    6.191235] smpboot: CPU0: Intel(R) Core(TM) i5-5257U CPU @ 2.70GHz (family: 0x6, model: 0x3d, stepping: 0x4)
[    6.235641] Performance Events: unsupported p6 CPU model 61 no PMU driver, software events only.
[    6.237771] KVM setup paravirtual spinlock
[    6.239314] x86: Booting SMP configuration:
[    6.281008] .... node  #0, CPUs:      #1
[    6.282038] kvm-clock: cpu 1, msr 0:7ffe3041, secondary cpu clock
[    6.311678] mce: CPU supports 0 MCE banks
[    6.327977] x86: Booted up 1 node, 2 CPUs
[    6.337724] smpboot: Total of 2 processors activated (10800.00 BogoMIPS)
[    6.371866] devtmpfs: initialized
[    6.395814] evm: security.selinux
[    6.409995] evm: security.SMACK64
[    6.410793] evm: security.SMACK64EXEC
[    6.411654] evm: security.SMACK64TRANSMUTE
[    6.412579] evm: security.SMACK64MMAP
[    6.421944] evm: security.ima
[    6.422685] evm: security.capability
[    6.424918] clocksource: jiffies: mask: 0xffffffff max_cycles: 0xffffffff, max_idle_ns: 7645041785100000 ns
[    6.455775] pinctrl core: initialized pinctrl subsystem
[    6.487887] RTC time: 20:36:10, date: 03/28/17
[    6.489204] NET: Registered protocol family 16
[    6.500016] cpuidle: using governor ladder
[    6.552190] cpuidle: using governor menu
[    6.569548] PCCT header not found.
[    6.599919] ACPI: bus type PCI registered
[    6.621469] acpiphp: ACPI Hot Plug PCI Controller Driver version: 0.5
[    6.622969] PCI: Using configuration type 1 for base access
[    6.661831] ACPI: Added _OSI(Module Device)
[    6.709207] ACPI: Added _OSI(Processor Device)
[    6.710191] ACPI: Added _OSI(3.0 _SCP Extensions)
[    6.711211] ACPI: Added _OSI(Processor Aggregator Device)
[    6.730408] ACPI: Executed 1 blocks of module-level executable AML code
[    6.749349] ACPI: Interpreter enabled
[    6.757684] ACPI: (supports S0 S5)
[    6.764138] ACPI: Using IOAPIC for interrupt routing
[    6.828040] PCI: Using host bridge windows from ACPI; if necessary, use "pci=nocrs" and report a bug
[    6.924713] ACPI: PCI Root Bridge [PCI0] (domain 0000 [bus 00-ff])
[    6.938853] acpi PNP0A03:00: _OSC: OS supports [ASPM ClockPM Segments MSI]
[    6.943702] acpi PNP0A03:00: _OSC failed (AE_NOT_FOUND); disabling ASPM
[    6.950360] acpi PNP0A03:00: fail to add MMCONFIG information, can't access extended PCI configuration space under this bridge.
[    7.044660] PCI host bridge to bus 0000:00
[    7.095392] pci_bus 0000:00: root bus resource [io  0x0000-0x0cf7 window]
[    7.163616] pci_bus 0000:00: root bus resource [io  0x0d00-0xffff window]
[    7.238382] pci_bus 0000:00: root bus resource [mem 0x000a0000-0x000bffff window]
[    7.318266] pci_bus 0000:00: root bus resource [mem 0x80000000-0xffdfffff window]
[    7.410267] pci_bus 0000:00: root bus resource [bus 00-ff]
[    7.412969] pci 0000:00:01.1: legacy IDE quirk: reg 0x10: [io  0x01f0-0x01f7]
[    7.477131] pci 0000:00:01.1: legacy IDE quirk: reg 0x14: [io  0x03f6]
[    7.530362] pci 0000:00:01.1: legacy IDE quirk: reg 0x18: [io  0x0170-0x0177]
[    7.587938] pci 0000:00:01.1: legacy IDE quirk: reg 0x1c: [io  0x0376]
[    7.691379] pci 0000:00:07.0: quirk: [io  0x4000-0x403f] claimed by PIIX4 ACPI
[    7.773275] pci 0000:00:07.0: quirk: [io  0x4100-0x410f] claimed by PIIX4 SMB
[    7.830805] ACPI: PCI Interrupt Link [LNKA] (IRQs 5 9 10 *11)
[    7.895239] ACPI: PCI Interrupt Link [LNKB] (IRQs 5 9 10 *11)
[    7.960745] ACPI: PCI Interrupt Link [LNKC] (IRQs 5 9 *10 11)
[    8.022870] ACPI: PCI Interrupt Link [LNKD] (IRQs 5 *9 10 11)
[    8.052186] ACPI: Enabled 2 GPEs in block 00 to 07
[    8.073472] vgaarb: setting as boot device: PCI:0000:00:02.0
[    8.109750] vgaarb: device added: PCI:0000:00:02.0,decodes=io+mem,owns=io+mem,locks=none
[    8.118346] vgaarb: loaded
[    8.147770] vgaarb: bridge control possible 0000:00:02.0
[    8.192745] SCSI subsystem initialized
[    8.247848] ACPI: bus type USB registered
[    8.282473] usbcore: registered new interface driver usbfs
[    8.302271] usbcore: registered new interface driver hub
[    8.351833] usbcore: registered new device driver usb
[    8.407852] PCI: Using ACPI for IRQ routing
[    8.454344] NetLabel: Initializing
[    8.487071] NetLabel:  domain hash size = 128
[    8.524991] NetLabel:  protocols = UNLABELED CIPSOv4
[    8.572947] NetLabel:  unlabeled traffic allowed by default
[    8.626560] amd_nb: Cannot enumerate AMD northbridges
[    8.677056] clocksource: Switched to clocksource kvm-clock
[    8.756340] AppArmor: AppArmor Filesystem Enabled
[    8.853346] pnp: PnP ACPI init
[    8.891690] pnp: PnP ACPI: found 3 devices
[    8.986361] clocksource: acpi_pm: mask: 0xffffff max_cycles: 0xffffff, max_idle_ns: 2085701024 ns
[    9.159787] NET: Registered protocol family 2
[    9.221855] TCP established hash table entries: 16384 (order: 5, 131072 bytes)
[    9.390886] TCP bind hash table entries: 16384 (order: 6, 262144 bytes)
[    9.523032] TCP: Hash tables configured (established 16384 bind 16384)
[    9.654892] UDP hash table entries: 1024 (order: 3, 32768 bytes)
[    9.792350] UDP-Lite hash table entries: 1024 (order: 3, 32768 bytes)
[    9.928585] NET: Registered protocol family 1
[   10.010080] pci 0000:00:00.0: Limiting direct PCI/PCI transfers
[   10.139980] pci 0000:00:01.0: Activating ISA DMA hang workarounds
[   10.228479] Unpacking initramfs...
[   11.920659] Freeing initrd memory: 10700K (ffff880036b0a000 - ffff88003757d000)
[   12.071881] RAPL PMU detected, API unit is 2^-32 Joules, 4 fixed counters 10737418240 ms ovfl timer
[   12.203623] hw unit of domain pp0-core 2^-0 Joules
[   12.282713] hw unit of domain package 2^-0 Joules
[   12.330794] hw unit of domain dram 2^-0 Joules
[   12.362017] hw unit of domain pp1-gpu 2^-0 Joules
[   12.415369] platform rtc_cmos: registered platform RTC device (no PNP device found)
[   12.498332] Scanning for low memory corruption every 60 seconds
[   12.591840] futex hash table entries: 512 (order: 3, 32768 bytes)
[   12.641854] audit: initializing netlink subsys (disabled)
[   12.697794] audit: type=2000 audit(1490733373.166:1): initialized
[   12.773200] Initialise system trusted keyring
[   12.834601] HugeTLB registered 2 MB page size, pre-allocated 0 pages
[   12.960544] zbud: loaded
[   12.993667] VFS: Disk quotas dquot_6.6.0
[   13.047991] VFS: Dquot-cache hash table entries: 512 (order 0, 4096 bytes)
[   13.190243] squashfs: version 4.0 (2009/01/31) Phillip Lougher
[   13.318088] fuse init (API version 7.23)
[   13.371918] Key type big_key registered
[   13.457361] tsc: Refined TSC clocksource calibration: 2699.727 MHz
[   13.578616] clocksource: tsc: mask: 0xffffffffffffffff max_cycles: 0x26ea3c84190, max_idle_ns: 440795248078 ns
[   13.578671] Allocating IMA MOK and blacklist keyrings.
[   13.578931] Key type asymmetric registered
[   13.578938] Asymmetric key parser 'x509' registered
[   13.578997] Block layer SCSI generic (bsg) driver version 0.4 loaded (major 249)
[   13.579030] io scheduler noop registered
[   13.579033] io scheduler deadline registered (default)
[   13.579071] io scheduler cfq registered
[   13.579189] pci_hotplug: PCI Hot Plug PCI Core version: 0.5
[   13.579195] pciehp: PCI Express Hot Plug Controller Driver version: 0.4
[   13.579574] ACPI: AC Adapter [AC] (off-line)
[   13.579642] input: Power Button as /devices/LNXSYSTM:00/LNXPWRBN:00/input/input0
[   13.579645] ACPI: Power Button [PWRF]
[   13.579728] input: Sleep Button as /devices/LNXSYSTM:00/LNXSLPBN:00/input/input1
[   13.579730] ACPI: Sleep Button [SLPF]
[   13.579893] GHES: HEST is not enabled!
[   13.581260] ACPI: Battery Slot [BAT0] (battery present)
[   13.581356] Serial: 8250/16550 driver, 32 ports, IRQ sharing enabled
[   13.786745] 00:02: ttyS0 at I/O 0x3f8 (irq = 4, base_baud = 115200) is a 16550A
[   13.886772] Linux agpgart interface v0.103
[   13.890323] loop: module loaded
[   13.890765] scsi host0: ata_piix
[   13.890811] scsi host1: ata_piix
[   13.890836] ata1: PATA max UDMA/33 cmd 0x1f0 ctl 0x3f6 bmdma 0xd000 irq 14
[   13.890836] ata2: PATA max UDMA/33 cmd 0x170 ctl 0x376 bmdma 0xd008 irq 15
[   13.890896] libphy: Fixed MDIO Bus: probed
[   13.890898] tun: Universal TUN/TAP device driver, 1.6
[   13.890899] tun: (C) 1999-2004 Max Krasnyansky <maxk@qualcomm.com>
[   13.891167] PPP generic driver version 2.4.2
[   13.891211] ehci_hcd: USB 2.0 'Enhanced' Host Controller (EHCI) Driver
[   13.891214] ehci-pci: EHCI PCI platform driver
[   13.891228] ehci-platform: EHCI generic platform driver
[   13.891235] ohci_hcd: USB 1.1 'Open' Host Controller (OHCI) Driver
[   13.891238] ohci-pci: OHCI PCI platform driver
[   13.891244] ohci-platform: OHCI generic platform driver
[   13.891249] uhci_hcd: USB Universal Host Controller Interface driver
[   13.891296] i8042: PNP: PS/2 Controller [PNP0303:PS2K,PNP0f03:PS2M] at 0x60,0x64 irq 1,12
[   13.892866] serio: i8042 KBD port at 0x60,0x64 irq 1
[   13.892870] serio: i8042 AUX port at 0x60,0x64 irq 12
[   13.892972] mousedev: PS/2 mouse device common for all mice
[   13.893267] rtc_cmos rtc_cmos: rtc core: registered rtc_cmos as rtc0
[   13.893317] rtc_cmos rtc_cmos: alarms up to one day, 114 bytes nvram
[   13.893322] i2c /dev entries driver
[   13.893369] device-mapper: uevent: version 1.0.3
[   13.893412] device-mapper: ioctl: 4.34.0-ioctl (2015-10-28) initialised: dm-devel@redhat.com
[   13.893430] ledtrig-cpu: registered to indicate activity on CPUs
[   13.893679] NET: Registered protocol family 10
[   13.893813] NET: Registered protocol family 17
[   13.893822] Key type dns_resolver registered
[   13.894857] microcode: CPU0 sig=0x306d4, pf=0x40, revision=0x0
[   13.894864] microcode: CPU1 sig=0x306d4, pf=0x40, revision=0x0
[   13.894913] microcode: Microcode Update Driver: v2.01 <tigran@aivazian.fsnet.co.uk>, Peter Oruba
[   13.895017] registered taskstats version 1
[   13.895028] Loading compiled-in X.509 certificates
[   13.895646] Loaded X.509 cert 'Build time autogenerated kernel key: a4cff54e0cc9179d8dcdcbb195a5dba42f5df569'
[   13.895666] zswap: loaded using pool lzo/zbud
[   13.896844] Key type trusted registered
[   13.898809] Key type encrypted registered
[   13.898813] AppArmor: AppArmor sha1 policy hashing enabled
[   13.898814] ima: No TPM chip found, activating TPM-bypass!
[   13.898831] evm: HMAC attrs: 0x1
[   13.899101]   Magic number: 9:788:650
[   13.899112] tty ttyprintk: hash matches
[   13.926094] rtc_cmos rtc_cmos: setting system clock to 2017-03-28 20:36:17 UTC (1490733377)
[   13.926259] BIOS EDD facility v0.16 2004-Jun-25, 0 devices found
[   13.926259] EDD information not available.
[   13.996989] input: AT Translated Set 2 keyboard as /devices/platform/i8042/serio0/input/input2
[   16.759363] Freeing unused kernel memory: 1484K (ffffffff81f45000 - ffffffff820b8000)
[   16.824588] Write protecting the kernel read-only data: 14336k
[   16.847928] Freeing unused kernel memory: 1776K (ffff880001844000 - ffff880001a00000)
[   16.867832] Freeing unused kernel memory: 120K (ffff880001de2000 - ffff880001e00000)
Loading, please [   16.900363] random: systemd-udevd: uninitialized urandom read (16 bytes read, 7 bits of entropy available)
wait...
starting version 229
[   16.901021] random: udevadm: uninitialized urandom read (16 bytes read, 7 bits of entropy available)
[   16.901052] random: udevadm: uninitialized urandom read (16 bytes read, 7 bits of entropy available)
[   16.901197] random: udevadm: uninitialized urandom read (16 bytes read, 7 bits of entropy available)
[   16.901234] random: udevadm: uninitialized urandom read (16 bytes read, 7 bits of entropy available)
[   16.901337] random: udevadm: uninitialized urandom read (16 bytes read, 7 bits of entropy available)
[   16.901375] random: udevadm: uninitialized urandom read (16 bytes read, 7 bits of entropy available)
[   16.901408] random: udevadm: uninitialized urandom read (16 bytes read, 7 bits of entropy available)
[   16.901438] random: udevadm: uninitialized urandom read (16 bytes read, 7 bits of entropy available)
[   16.901471] random: udevadm: uninitialized urandom read (16 bytes read, 7 bits of entropy available)
[   18.328521] e1000: Intel(R) PRO/1000 Network Driver - version 7.3.21-k8-NAPI
[   18.493259] e1000: Copyright (c) 1999-2006 Intel Corporation.
[   18.496582] Fusion MPT base driver 3.04.20
[   18.506323] Copyright (c) 1999-2008 LSI Corporation
[   18.516161] Fusion MPT SPI Host driver 3.04.20
[   18.541726] AVX version of gcm_enc/dec engaged.
[   18.568289] AES CTR mode by8 optimization enabled
[   18.745801] input: ImExPS/2 Generic Explorer Mouse as /devices/platform/i8042/serio1/input/input4
[   18.854156] e1000 0000:00:03.0 eth0: (PCI:33MHz:32-bit) 02:c3:5d:84:7e:20
[   18.993481] e1000 0000:00:03.0 eth0: Intel(R) PRO/1000 Network Connection
[   19.369625] e1000 0000:00:08.0 eth1: (PCI:33MHz:32-bit) 08:00:27:32:75:07
[   19.525516] e1000 0000:00:08.0 eth1: Intel(R) PRO/1000 Network Connection
[   19.661704] mptbase: ioc0: Initiating bringup
[   19.661998] e1000 0000:00:08.0 enp0s8: renamed from eth1
[   19.890034] e1000 0000:00:03.0 enp0s3: renamed from eth0
[   20.009263] ioc0: LSI53C1030 A0: Capabilities={Initiator}
[   20.276618] scsi host2: ioc0: LSI53C1030 A0, FwRev=00000000h, Ports=1, MaxQ=256, IRQ=20
[   20.478210] scsi 2:0:0:0: Direct-Access     VBOX     HARDDISK         1.0  PQ: 0 ANSI: 5
[   20.663870] scsi target2:0:0: Beginning Domain Validation
[   20.748793] scsi target2:0:0: Domain Validation skipping write tests
[   20.763763] scsi target2:0:0: Ending Domain Validation
[   20.835752] scsi target2:0:0: asynchronous
[   20.860484] scsi 2:0:1:0: Direct-Access     VBOX     HARDDISK         1.0  PQ: 0 ANSI: 5
[   21.146272] scsi target2:0:1: Beginning Domain Validation
[   21.209020] scsi target2:0:1: Domain Validation skipping write tests
[   21.229800] scsi target2:0:1: Ending Domain Validation
[   21.245752] scsi target2:0:1: asynchronous
[   21.261595] sd 2:0:0:0: Attached scsi generic sg0 type 0
[   21.290160] sd 2:0:0:0: [sda] 20971520 512-byte logical blocks: (10.7 GB/10.0 GiB)
[   21.438611] sd 2:0:1:0: Attached scsi generic sg1 type 0
[   21.439021] sd 2:0:1:0: [sdb] 20480 512-byte logical blocks: (10.5 MB/10.0 MiB)
[   21.439138] sd 2:0:1:0: [sdb] Write Protect is off
[   21.439311] sd 2:0:1:0: [sdb] Incomplete mode parameter data
[   21.439312] sd 2:0:1:0: [sdb] Assuming drive cache: write through
[   21.530288] floppy0: no floppy controllers found
[   21.530339] work still pending
[   21.530692] sd 2:0:0:0: [sda] Write Protect is off
[   21.530780] sd 2:0:0:0: [sda] Incomplete mode parameter data
[   21.530781] sd 2:0:0:0: [sda] Assuming drive cache: write through
[   21.531708] sd 2:0:1:0: [sdb] Attached SCSI disk
[   21.531944]  sda: sda1
[   21.532476] sd 2:0:0:0: [sda] Attached SCSI disk
Begin: Loading e[   23.652706] md: linear personality registered for level -1
ssential drivers[   23.786050] md: multipath personality registered for level -4
 ... [   23.935705] md: raid0 personality registered for level 0
[   24.001911] md: raid1 personality registered for level 1
[   24.181247] raid6: sse2x1   gen()  9900 MB/s
[   24.381250] raid6: sse2x1   xor()  7359 MB/s
[   24.513160] raid6: sse2x2   gen() 11969 MB/s
[   24.597358] raid6: sse2x2   xor()  5719 MB/s
[   24.725927] raid6: sse2x4   gen() 14004 MB/s
[   24.909157] raid6: sse2x4   xor()  9881 MB/s
[   25.001890] raid6: using algorithm sse2x4 gen() 14004 MB/s
[   25.073685] raid6: .... xor() 9881 MB/s, rmw enabled
[   25.183251] raid6: using ssse3x2 recovery algorithm
[   25.327490] xor: automatically using best checksumming function:
[   25.437117]    avx       : 20461.000 MB/sec
[   25.500278] async_tx: api initialized (async)
[   25.602099] md: raid6 personality registered for level 6
[   25.605456] md: raid5 personality registered for level 5
[   25.633316] md: raid4 personality registered for level 4
[   25.651648] md: raid10 personality registered for level 10
done.
Begin: Running /scripts/init-premount ... done[   25.708579] Btrfs loaded
.
Begin: Mounting root file system ... Begin: Running /scripts/local-top ... done.
Begin: Running /scripts/local-premount ... Scanning for Btrfs filesystems
done.
Warning: fsck not present, so skipping root file system
[   25.783025] EXT4-fs (sda1): mounted filesystem with ordered data mode. Opts: (null)
done.
Begin: Running /scripts/local-bottom ... done.
Begin: Running /scripts/init-bottom ... done.
[   25.932382] systemd[1]: systemd 229 running in system mode. (+PAM +AUDIT +SELINUX +IMA +APPARMOR +SMACK +SYSVINIT +UTMP +LIBCRYPTSETUP +GCRYPT +GNUTLS +ACL +XZ -LZ4 +SECCOMP +BLKID +ELFUTILS +KMOD -IDN)
[   26.175448] systemd[1]: Detected virtualization oracle.
[   26.276324] systemd[1]: Detected architecture x86-64.

Welcome to [1mUbuntu 16.04.2 LTS[0m!

[   26.410019] systemd[1]: Set hostname to <ubuntu>.
[   26.511349] systemd[1]: Initializing machine ID from random generator.
[   26.527608] systemd[1]: Installed transient /etc/machine-id file.
[   26.607745] random: nonblocking pool is initialized
[   26.641701] systemd[1]: Started Forward Password Requests to Wall Directory Watch.
[[0;32m  OK  [0m] Started Forward Password Requests to Wall Directory Watch.
[   26.708952] systemd[1]: Listening on udev Kernel Socket.
[[0;32m  OK  [0m] Listening on udev Kernel Socket.
[   26.730634] systemd[1]: Reached target Swap.
[[0;32m  OK  [0m] Reached target Swap.
[   26.773450] systemd[1]: Listening on Journal Audit Socket.
[[0;32m  OK  [0m] Listening on Journal Audit Socket.
[   26.789422] systemd[1]: Listening on udev Control Socket.
[[0;32m  OK  [0m] Listening on udev Control Socket.
[   26.791963] systemd[1]: Listening on Device-mapper event daemon FIFOs.
[[0;32m  OK  [0m] Listening on Device-mapper event daemon FIFOs.
[   26.795295] systemd[1]: Created slice System Slice.
[[0;32m  OK  [0m] Created slice System Slice.
[   26.888998] systemd[1]: Listening on /dev/initctl Compatibility Named Pipe.
[[0;32m  OK  [0m] Listening on /dev/initctl Compatibility Named Pipe.
[   27.085457] systemd[1]: Listening on Syslog Socket.
[[0;32m  OK  [0m] Listening on Syslog Socket.
[   27.221757] systemd[1]: Listening on LVM2 metadata daemon socket.
[[0;32m  OK  [0m] Listening on LVM2 metadata daemon socket.
[   27.401814] systemd[1]: Listening on Journal Socket (/dev/log).
[[0;32m  OK  [0m] Listening on Journal Socket (/dev/log).
[   27.565839] systemd[1]: Created slice User and Session Slice.
[[0;32m  OK  [0m] Created slice User and Session Slice.
[   27.705792] systemd[1]: Reached target Slices.
[[0;32m  OK  [0m] Reached target Slices.
[   27.777484] systemd[1]: Listening on LVM2 poll daemon socket.
[[0;32m  OK  [0m] Listening on LVM2 poll daemon socket.
[   27.780441] systemd[1]: Created slice system-serial\x2dgetty.slice.
[[0;32m  OK  [0m] Created slice system-serial\x2dgetty.slice.
[   27.825491] systemd[1]: Reached target Encrypted Volumes.
[[0;32m  OK  [0m] Reached target Encrypted Volumes.
[   27.941524] systemd[1]: Listening on Journal Socket.
[[0;32m  OK  [0m] Listening on Journal Socket.
[   28.021857] systemd[1]: Starting Remount Root and Kernel File Systems...
         Starting Remount Root and Kernel File Systems...
[   28.100551] EXT4-fs (sda1): re-mounted. Opts: (null)
[   28.101390] systemd[1]: Starting Load Kernel Modules...
         [   28.111801] Loading iSCSI transport class v2.0-870.
Starting Load Ke[   28.148687] iscsi: registered transport (tcp)
rnel Modules...
[   28.205150] systemd[1]: Starting Nameserver information manager...
         Starting Nameser[   28.264323] iscsi: registered transport (iser)
ver information manager...
[   28.397586] systemd[1]: Starting Journal Service...
         Starting Journal Service...
[   28.473952] systemd[1]: Mounting Huge Pages File System...
         Mounting Huge Pages File System...
[   28.629997] systemd[1]: Mounting Debug File System...
         Mounting Debug File System...
[   28.781683] systemd[1]: Starting Monitoring of LVM2 mirrors, snapshots etc. using dmeventd or progress polling...
         Starting Monitoring of LVM2 mirrors... dmeventd or progress polling...
[   28.965253] systemd[1]: Mounting POSIX Message Queue File System...
         Mounting POSIX Message Queue File System...
[   29.045345] systemd[1]: Starting Uncomplicated firewall...
         Starting Uncomplicated firewall...
[   29.177874] systemd[1]: Reached target User and Group Name Lookups.
[[0;32m  OK  [0m] Reached target User and Group Name Lookups.
[   29.441592] systemd[1]: Starting Create list of required static device nodes for the current kernel...
         Starting Create list of required st... nodes for the current kernel...
[   29.621694] systemd[1]: Starting Set console keymap...
         Starting Set console keymap...
[   29.693344] systemd[1]: Set up automount Arbitrary Executable File Formats File System Automount Point.
[[0;32m  OK  [0m] Set up automount Arbitrary Executab...ats File System Automount Point.
[   29.774515] systemd[1]: Mounted Debug File System.
[[0;32m  OK  [0m] Mounted Debug File System.
[   29.903622] systemd[1]: Mounted Huge Pages File System.
[[0;32m  OK  [0m] Mounted Huge Pages File System.
[   30.065399] systemd[1]: Mounted POSIX Message Queue File System.
[[0;32m  OK  [0m] Mounted POSIX Message Queue File System.
[   30.105964] systemd[1]: Started Journal Service.
[[0;32m  OK  [0m] Started Journal Service.
[[0;32m  OK  [0m] Started Remount Root and Kernel File Systems.
[[0;32m  OK  [0m] Started Load Kernel Modules.
[[0;32m  OK  [0m] Started Uncomplicated firewall.
[[0;32m  OK  [0m] Started Create list of required sta...ce nodes for the current kernel.
[[0;32m  OK  [0m] Started Set console keymap.
[[0;32m  OK  [0m] Started Nameserver information manager.
[[0;32m  OK  [0m] Started LVM2 metadata daemon.
         Starting Create Static Device Nodes in /dev...
         Mounting FUSE Control File System...
         Starting Apply Kernel Variables...
         Starting Initial cloud-init job (pre-networking)...
         Starting Load/Save Random Seed...
         Starting udev Coldplug all Devices...
         Starting Flush Journal to Persistent Storage...
[[0;32m  OK  [0m] Mounted FUSE Control File System.
[[0;32m  OK  [0m] Started Monitoring of LVM2 mirrors,...ng dmeventd or progress polling.
[[0;32m  OK  [0m] Started Create Static Device Nodes in /dev.
[[0;32m  OK  [0m] Started Apply Kernel Variables.
[[0;32m  OK  [0m] Started Load/Save Random Seed.
[[0;32m  OK  [0m] Started Flush Journal to Persistent Storage.
[[0;32m  OK  [0m] Started udev Coldplug all Devices.
         Starting udev Kernel Device Manager...
[[0;32m  OK  [0m] Started udev Kernel Device Manager.
[[0;32m  OK  [0m] Started Dispatch Password Requests to Console Directory Watch.
[[0;32m  OK  [0m] Reached target Local File Systems (Pre).
[[0;32m  OK  [0m] Reached target Local File Systems.
         Starting Commit a transient machine-id on disk...
         Starting LSB: AppArmor initialization...
         Starting Tell Plymouth To Write Out Runtime Data...
         Starting Set console font and keymap...
         Starting Create Volatile Files and Directories...
[[0;32m  OK  [0m] Started Commit a transient machine-id on disk.
[   23.360174] cloud-init[448]: Cloud-init v. 0.7.9 running 'init-local' at Tue, 28 Mar 2017 20:36:34 +0000. Up 22.99 seconds.
[[0;32m  OK  [0m] Started Tell Plymouth To Write Out Runtime Data.
[[0;32m  OK  [0m] Started Create Volatile Files and Directories.
[[0;32m  OK  [0m] Started Initial cloud-init job (pre-networking).
[[0;32m  OK  [0m] Found device /dev/ttyS0.
[[0;32m  OK  [0m] Started Set console font and keymap.
[[0;32m  OK  [0m] Listening on Load/Save RF Kill Switch Status /dev/rfkill Watch.
[[0;32m  OK  [0m] Created slice system-getty.slice.
[[0;32m  OK  [0m] Reached target Network (Pre).
[[0;32m  OK  [0m] Reached target System Time Synchronized.
         Starting Update UTMP about System Boot/Shutdown...
[[0;32m  OK  [0m] Started Update UTMP about System Boot/Shutdown.
[[0;32m  OK  [0m] Started LSB: AppArmor initialization.
         Starting Raise network interfaces...
[[0;32m  OK  [0m] Started Raise network interfaces.
         Starting Initial cloud-init job (metadata service crawler)...
[[0;32m  OK  [0m] Reached target Network.
[   27.035510] cloud-init[946]: Cloud-init v. 0.7.9 running 'init' at Tue, 28 Mar 2017 20:36:38 +0000. Up 26.60 seconds.
[   27.080392] cloud-init[946]: ci-info: ++++++++++++++++++++++++++++++++++++++Net device info++++++++++++++++++++++++++++++++++++++
[   27.080695] cloud-init[946]: ci-info: +--------+-------+----------------------------+---------------+-------+-------------------+
[[0;32m  OK  [0m] Started Initial cloud-init job (metadata service crawler).
[   27.080789] cloud-init[946]: ci-info: | Device |   Up  |          Address           |      Mask     | Scope |     Hw-Address    |
[   27.393069] cloud-init[946]: ci-info: +--------+-------+----------------------------+---------------+-------+-------------------+
[   27.393589] cloud-init[946]: ci-info: | enp0s3 |  True |         10.0.2.15          | 255.255.255.0 |   .   | 02:c3:5d:84:7e:20 |
[[0;32m  OK  [0m] Reached target Network is Online.
[   27.393930] cloud-init[946]: ci-info: | enp0s3 |  True | fe80::c3:5dff:fe84:7e20/64 |       .       |  link | 02:c3:5d:84:7e:20 |
[   27.494883] cloud-init[946]: ci-info: |   lo   |  True |         127.0.0.1          |   255.0.0.0   |   .   |         .         |
[   27.495195] cloud-init[946]: ci-info: |   lo   |  True |          ::1/128           |       .       |  host |         .         |
         Starting iSCSI initiator daemon (iscsid)...
[[   27.495390] cloud-init[946]: ci-info: | enp0s8 | False |             .              |       .       |   .   | 08:00:27:32:75:07 |
[   27.637423] cloud-init[946]: ci-info: +--------+-------+----------------------------+---------------+-------+-------------------+
[   27.637594] cloud-init[946]: ci-info: +++++++++++++++++++++++++++Route IPv4 info++++++++++++++++++++++++++++
[   27.637806] cloud-init[946]: ci-info: +-------+-------------+----------+---------------+-----------+-------+
[0;32m  OK  [0m] Reached target System Initialization.
[[   27.638290] cloud-init[946]: ci-info: | Route | Destination | Gateway  |    Genmask    | Interface | Flags |
[   27.882488] cloud-init[946]: ci-info: +-------+-------------+----------+---------------+-----------+-------+
[   27.882664] [0;32m  OK  [0mcloud-init] [946]: Listening on D-Bus System Message Bus Socket.ci-info: |   0   |   0.0.0.0   | 10.0.2.2 |    0.0.0.0    |   enp0s3  |   UG  |

[   28.040449] cloud-init[946]: ci-info: |   1   |   10.0.2.0  | 0.0.0.0  | 255.255.255.0 |   enp0s3  |   U   |
[   28.040772] cloud-init[946]: ci-info: +-------+-------------+----------+---------------+-----------+-------+
[[0;32m  OK  [0m] Listening on UUID daemon activation socket.
[[   28.041141] cloud-init[946]: Generating public/private rsa key pair.
[   28.253039] cloud-init[946]: Your identification has been saved in /etc/ssh/ssh_host_rsa_key.
[0;32m  OK  [0m] Started Timer to automatically refresh installed snaps.
[[   28.253121] cloud-init[946]: Your public key has been saved in /etc/ssh/ssh_host_rsa_key.pub.
[   28.264230] cloud-init[946]: The key fingerprint is:
[   28.264411] cloud-init[946]: SHA256:kwpBcMWowuZ0p8MG2XalAGHEZh0wYbtTyhv40Jshx2o root@ubuntu-xenial
[0;32m  OK  [0m] Started Daily apt activities.
[   28.265368] cloud-init[946]: The key's randomart image is:
[   28.420439] cloud-init[946]: +---[RSA 2048]----+
         Starting Socket activation for snappy daemon.
[   28.420972] cloud-init[946]: |oXBo++.          |
[   28.512525] cloud-init[946]: |o+o=. ..         |
[   28.512837] cloud-init[946]: |+.ooo o          |
[[0;32m  OK  [0m] Listening on ACPID Listen Socket.
[   28.512987] cloud-init[946]: |+O=+ =   .       |
[   28.592768] cloud-init[946]: |BBX =   S        |
[   28.593123] cloud-init[946]: | B+O . . .       |
         Starting LXD - unix socket.
[[   28.593291] cloud-init[946]: |.E= . .          |
[   28.648896] cloud-init[946]: |.                |
[0;32m  OK  [0m] Started Daily Cleanup of Temporary Directories.
[[   28.649058] cloud-init[946]: |                 |
[   28.769019] cloud-init[946]: +----[SHA256]-----+
[0;32m  OK  [0m] Reached target Timers.
[   28.769226] cloud-init[946]: Generating public/private dsa key pair.
[   28.933092] cloud-init[946]: Your identification has been saved in /etc/ssh/ssh_host_dsa_key.
[[0;32m  OK  [0m] Started ACPI Events Check.
[   28.933599] cloud-init[946]: Your public key has been saved in /etc/ssh/ssh_host_dsa_key.pub.
[   29.069190] cloud-init[946]: The key fingerprint is:
[[0;32m  OK  [0m] Started Trigger resolvconf update for networkd DNS.
[   29.069715] cloud-init[946]: SHA256:tIL0UVU3R1I2c0dwdZrn2X0kSFpEBt2ZIdlbYIdxHs0 root@ubuntu-xenial
[   29.216480] cloud-init[946]: The key's randomart image is:
[   29.216889] cloud-init[946]: +---[DSA 1024]----+
[[0;32m  OK  [0m] Reached target Paths.
[[   29.217120] cloud-init[946]: |        ..o*O+X^^|
[   29.317327] cloud-init[946]: |       .   =o=*%E|
[   29.317509] [0;32m  OK  [0mcloud-init] [946]: Reached target Cloud-config availability.|    . . . . . +o+|

[   29.433722] cloud-init[946]: |   . o o .    .=+|
[   29.434018] cloud-init[946]: |    . o S      .=|
[[0;32m  OK  [0m] Listening on Socket activation for snappy daemon.
[[   29.434254] cloud-init[946]: |       .        .|
[   29.532401] cloud-init[946]: |                 |
[   29.532577] [0;32m  OK  [0mcloud-init] [946]: Listening on LXD - unix socket.|                 |

[   29.648556] cloud-init[946]: |                 |
[   29.648867] cloud-init[946]: +----[SHA256]-----+
[[0;32m  OK  [0m] Started iSCSI initiator daemon (iscsid).
[   29.649103] cloud-init[946]: Generating public/private ecdsa key pair.
[   29.712426] cloud-init[946]: Your identification has been saved in /etc/ssh/ssh_host_ecdsa_key.
[   29.712728] cloud-init[946]: Your public key has been saved in /etc/ssh/ssh_host_ecdsa_key.pub.
         Starting Login to default iSCSI targets...
[[   29.712900] cloud-init[946]: The key fingerprint is:
[   29.824710] cloud-init[946]: SHA256:rgJwyiYB/YLWM1c8FjgHN1Zx/vNK2KABVcRFjbH2M/A root@ubuntu-xenial
[   29.824877] [0;32m  OK  [0mcloud-init] [946]: Reached target Sockets.The key's randomart image is:

[   29.825628] cloud-init[946]: +---[ECDSA 256]---+
[   29.950094] cloud-init[946]: | .   .+=o+=+o++  |
[[0;32m  OK  [0m] Reached target Basic System.
[   29.950180] cloud-init[946]: |. .  oo*o o. ... |
[   30.088630] cloud-init[946]: |....  =..  . +   |
[   30.088948] cloud-init[946]: |+.o+..  .   o +  |
[[0;32m  OK  [0m] Started Deferred execution scheduler.
[   30.089131] cloud-init[946]: |o= .+   S. . o E |
[   30.225084] cloud-init[946]: |oo.    .  o + o o|
[   30.232862] [cloud-init[0;32m  OK  [0m[946]: ] |o  .    .. . o . |Started FUSE filesystem for LXC.

[   30.233394] cloud-init[946]: |    .  .    . .  |
[   30.304460] [cloud-init[0;32m  OK  [0m[946]: ] |     ..      .   |Started ACPI event daemon.

[   30.305004] cloud-init[946]: +----[SHA256]-----+
[   30.392701]          cloud-initStarting Accounts Service...[946]: 
Generating public/private ed25519 key pair.
[   30.468693]          cloud-initStarting LSB: MD monitoring daemon...[946]: 
Your identification has been saved in /etc/ssh/ssh_host_ed25519_key.
[   30.564674] [cloud-init[0;32m  OK  [0m[946]: ] Your public key has been saved in /etc/ssh/ssh_host_ed25519_key.pub.Started Regular background program processing daemon.

[   30.565624] cloud-init[946]: The key fingerprint is:
[   30.716321] [cloud-init[0;32m  OK  [0m[946]: ] SHA256:bGkz5vtsIUmBaxLawFAURLvrEweqBbP7oWQON08lHLI root@ubuntu-xenialStarted D-Bus System Message Bus.

[   30.717004] cloud-init[946]: The key's randomart image is:
         Starting System Logging Service...
         Starting Login Service...
         Starting LSB: Record successful boot for GRUB...
[   30.816113] cloud-init[946]: +--[ED25519 256]--+
[   30.878391]          cloud-initStarting Pollinate to seed the pseudo random number generator...[946]: 
|.B*.   .         |
[   30.882502]          cloud-initStarting Apply the settings specified in cloud-config...[946]: 
|  o.. . .        |
[   30.952915]          cloud-initStarting /etc/rc.local Compatibility...[946]: 
|  o+.. . .       |
[   31.001134]          cloud-initStarting LXD - container startup/shutdown...[946]: 
|o o=o.o...       |
[   31.013641] [cloud-init[0;32m  OK  [0m[946]: ] | =E.oo..S.       |Started Snappy daemon.

[   31.014029] cloud-init[946]: |o o..o =oo.      |
[   31.073373] cloud-init[946]: |o==o.   .. .     |
[   31.085883] cloud-init[946]: |B+.=     o.      |
         Starting Auto import assertions from block devices...
[   31.124919] cloud-init[946]: |.oo..   .oo      |
[   31.158286] [cloud-init[0;32m  OK  [0m[946]: ] +----[SHA256]-----+Started System Logging Service.

[[0;32m  OK  [0m] Started Pollinate to seed the pseudo random number generator.
[[0;32m  OK  [0m] Started /etc/rc.local Compatibility.
[   31.271740] [cloud-init[0;32m  OK  [0m[1084]: ] Generating locales (this might take a while)...Started LXD - container startup/shutdown.

[[0;32m  OK  [0m] Started Auto import assertions from block devices.
[[0;32m  OK  [0m] Started Login to default iSCSI targets.
[[0;32m  OK  [0m] Started LSB: MD monitoring daemon.
[[0;32m  OK  [0m] Started LSB: Record successful boot for GRUB.
         Starting Authenticate and Authorize Users to Run Privileged Tasks...
[[0;32m  OK  [0m] Reached target Remote File Systems (Pre).
[[0;32m  OK  [0m] Reached target Remote File Systems.
         Starting LSB: Set the CPU Frequency Scaling governor to "ondemand"...
         Starting Permit User Sessions...
         Starting LSB: daemon to balance interrupts for SMP systems...
         Starting LSB: automatic crash report generation...
         Starting LSB: VirtualBox Linux Additions...
         Starting OpenBSD Secure Shell server...
[[0;32m  OK  [0m] Started OpenBSD Secure Shell server.
[[0;32m  OK  [0m] Started Permit User Sessions.
[[0;32m  OK  [0m] Started Login Service.
[[0;32m  OK  [0m] Started Authenticate and Authorize Users to Run Privileged Tasks.
[[0;32m  OK  [0m] Started Accounts Service.
[[0;32m  OK  [0m] Started LSB: Set the CPU Frequency Scaling governor to "ondemand".
[   32.046582] cloud-init[1084]:   en_US.UTF-8... done
[   32.052557] cloud-init[1084]: Generation complete.
         Starting Hold until boot process finishes up...
         Starting Terminate Plymouth Boot Screen...
[[0;32m  OK  [0m] Started LSB: daemon to balance interrupts for SMP systems.
[[0;32m  OK  [0m] Started LSB: automatic crash report generation.
[[0;32m  OK  [0m] Started LSB: VirtualBox Linux Additions.
[[0;32m  OK  [0m] Started Hold until boot process finishes up.
[[0;32m  OK  [0m] Started Terminate Plymouth Boot Screen.
[[0;32m  OK  [0m] Started Getty on tty1.
         Starting Set console scheme...
[[0;32m  OK  [0m] Started Serial Getty on ttyS0.
[[0;32m  OK  [0m] Reached target Login Prompts.
[[0;32m  OK  [0m] Reached target Multi-User System.
[[0;32m  OK  [0m] Reached target Graphical Interface.
         Starting Update UTMP about System Runlevel Changes...
[[0;32m  OK  [0m] Started Set console scheme.
[[0;32m  OK  [0m] Started Update UTMP about System Runlevel Changes.
         Stopping OpenBSD Secure Shell server...
[[0;32m  OK  [0m] Stopped OpenBSD Secure Shell server.
         Starting OpenBSD Secure Shell server...
[[0;32m  OK  [0m] Started OpenBSD Secure Shell server.
[   33.243373] cloud-init[1084]: Cloud-init v. 0.7.9 running 'modules:config' at Tue, 28 Mar 2017 20:36:42 +0000. Up 31.19 seconds.
[[0;32m  OK  [0m] Started Apply the settings specified in cloud-config.
         Starting Execute cloud user/final scripts...
ci-info: no authorized ssh keys fingerprints found for user ubuntu.
<14>Mar 28 20:36:45 ec2: 
<14>Mar 28 20:36:45 ec2: #############################################################
<14>Mar 28 20:36:45 ec2: -----BEGIN SSH HOST KEY FINGERPRINTS-----
<14>Mar 28 20:36:45 ec2: 1024 SHA256:tIL0UVU3R1I2c0dwdZrn2X0kSFpEBt2ZIdlbYIdxHs0 root@ubuntu-xenial (DSA)
<14>Mar 28 20:36:45 ec2: 256 SHA256:rgJwyiYB/YLWM1c8FjgHN1Zx/vNK2KABVcRFjbH2M/A root@ubuntu-xenial (ECDSA)
<14>Mar 28 20:36:45 ec2: 256 SHA256:bGkz5vtsIUmBaxLawFAURLvrEweqBbP7oWQON08lHLI root@ubuntu-xenial (ED25519)
<14>Mar 28 20:36:45 ec2: 2048 SHA256:kwpBcMWowuZ0p8MG2XalAGHEZh0wYbtTyhv40Jshx2o root@ubuntu-xenial (RSA)
<14>Mar 28 20:36:45 ec2: -----END SSH HOST KEY FINGERPRINTS-----
<14>Mar 28 20:36:45 ec2: #############################################################
-----BEGIN SSH HOST KEY KEYS-----
ecdsa-sha2-nistp256 AAAAE2VjZHNhLXNoYTItbmlzdHAyNTYAAAAIbmlzdHAyNTYAAABBBLuiQpDdMMiy/ONUYUyIVrllM2l1MMq6wLeBNHQbJbfEZlYvlsBdMLpETfhUsrUs3F9kGX0xLyB+0n3Zu4O3tdc= root@ubuntu-xenial
ssh-ed25519 AAAAC3NzaC1lZDI1NTE5AAAAIIcQ1/9XZTmO07XFcQ3+H8mMegl7ofIauCV9ZtVFVTs+ root@ubuntu-xenial
ssh-rsa AAAAB3NzaC1yc2EAAAADAQABAAABAQC+JyPCADmmAXhhTfhXmGA7xofQT4ReIe3fzNPyNP/EX6ss5hBrApPc2A0Xf9gqCbYIZkFDUTn8TMlkMcn0VeMHfQ680Na8wSE7g8Fde5SOxUG5zXwBgy2yLkv8rqdORMQdWBv/1eQTsQeJKL4yfn0x7WHuS+Pecl4tiWeCE4A0IdWIn8/uaGrHMAw6R5OGeNq63ZCVosNkcM8nrFtv8c9OwwZKt4ef4onRpedudUmXVFFE8nVwVp9L5ECosEqL7cjWTNC3ew9JCyVKjPrJLMSUVPRE04dL9XoERYQ+NmV3wyPdPiCrdWL9En7GR5Uxvw9GzGMhPRiUKCWBUGJu9XCV root@ubuntu-xenial
-----END SSH HOST KEY KEYS-----
[   34.470261] cloud-init[1308]: Cloud-init v. 0.7.9 running 'modules:final' at Tue, 28 Mar 2017 20:36:45 +0000. Up 33.62 seconds.
[   34.489916] cloud-init[1308]: ci-info: no authorized ssh keys fingerprints found for user ubuntu.
[   34.496110] cloud-init[1308]: Cloud-init v. 0.7.9 finished at Tue, 28 Mar 2017 20:36:46 +0000. Datasource DataSourceNoCloud [seed=/dev/sdb][dsmode=net].  Up 34.46 seconds
[[0;32m  OK  [0m] Started Execute cloud user/final scripts.
[[0;32m  OK  [0m] Reached target Cloud-init target.

Ubuntu 16.04.2 LTS ubuntu-xenial ttyS0

ubuntu-xenial login: 